C:\UNICISIS\projects\mx>mx1660utf8 seq=con
een|twee|drie
fldupdat - irec=1  nbytes=1048576  batchp='H1 3 eenH2 4 tweeH3 4 drie'
fldupdat - RECrc=0  Leader: 1,24,0,0,24,0,0
fldupdat - dirsleft=0  realmfrl=24
+++c=H tag=1 n=3 *p=' '
fldupdat - A - tag=1  dirsleft=1  vlenadd=3
fldupdat - dir[0]: tag=1  pos=5(b)  len=3
+++c=H tag=2 n=4 *p=' '
fldupdat - A - tag=2  dirsleft=2  vlenadd=7
fldupdat - dir[0]: tag=1  pos=5(b)  len=3
fldupdat - dir[1]: tag=2  pos=13(b)  len=4
+++c=H tag=3 n=4 *p=' '
fldupdat - A - tag=3  dirsleft=3  vlenadd=11
fldupdat - dir[0]: tag=1  pos=5(b)  len=3
fldupdat - dir[1]: tag=2  pos=13(b)  len=4
fldupdat - dir[2]: tag=3  pos=22(b)  len=4
fldupdat - RECrc=0  Leader: 1,71,0,0,60,3,0
fldupdat - dir[0]: tag=1  pos=0  len=3  ->een<-
fldupdat - dir[1]: tag=2  pos=3  len=4  ->twee<-
fldupdat - dir[2]: tag=3  pos=7  len=4  ->drie<-
mfn=     1
  1  ?een?
  2  ?twee?
  3  ?drie?